[2016-05-06 00:30:19] local.ERROR: PDOException: SQLSTATE[HY000] [1045] Access denied for user 'root'@'localhost' (using password: NO) in C:\xampp\htdocs\PapusClub\vendor\laravel\framework\src\Illuminate\Database\Connectors\Connector.php:55
Stack trace:
#0 C:\xampp\htdocs\PapusClub\vendor\laravel\framework\src\Illuminate\Database\Connectors\Connector.php(55): PDO->__construct('mysql:host=127....', 'root', '', Array)
#1 C:\xampp\htdocs\PapusClub\vendor\laravel\framework\src\Illuminate\Database\Connectors\MySqlConnector.php(24): Illuminate\Database\Connectors\Connector->createConnection('mysql:host=127....', Array, Array)
#2 C:\xampp\htdocs\PapusClub\bootstrap\cache\compiled.php(11704): Illuminate\Database\Connectors\MySqlConnector->connect(Array)
#3 [internal function]: Illuminate\Database\Connectors\ConnectionFactory->Illuminate\Database\Connectors\{closure}()
#4 C:\xampp\htdocs\PapusClub\vendor\laravel\framework\src\Illuminate\Database\Connection.php(868): call_user_func(Object(Closure))
#5 C:\xampp\htdocs\PapusClub\vendor\laravel\framework\src\Illuminate\Database\Connection.php(736): Illuminate\Database\Connection->getPdo()
#6 C:\xampp\htdocs\PapusClub\vendor\laravel\framework\src\Illuminate\Database\Connection.php(621): Illuminate\Database\Connection->reconnectIfMissingConnection()
#7 C:\xampp\htdocs\PapusClub\vendor\laravel\framework\src\Illuminate\Database\Connection.php(342): Illuminate\Database\Connection->run('select * from i...', Array, Object(Closure))
#8 C:\xampp\htdocs\PapusClub\vendor\laravel\framework\src\Illuminate\Database\Schema\MySqlBuilder.php(21): Illuminate\Database\Connection->select('select * from i...', Array)
#9 C:\xampp\htdocs\PapusClub\vendor\laravel\framework\src\Illuminate\Database\Migrations\DatabaseMigrationRepository.php(141): Illuminate\Database\Schema\MySqlBuilder->hasTable('migrations')
#10 C:\xampp\htdocs\PapusClub\vendor\laravel\framework\src\Illuminate\Database\Migrations\Migrator.php(405): Illuminate\Database\Migrations\DatabaseMigrationRepository->repositoryExists()
#11 C:\xampp\htdocs\PapusClub\vendor\laravel\framework\src\Illuminate\Database\Console\Migrations\MigrateCommand.php(103): Illuminate\Database\Migrations\Migrator->repositoryExists()
#12 C:\xampp\htdocs\PapusClub\vendor\laravel\framework\src\Illuminate\Database\Console\Migrations\MigrateCommand.php(58): Illuminate\Database\Console\Migrations\MigrateCommand->prepareDatabase()
#13 [internal function]: Illuminate\Database\Console\Migrations\MigrateCommand->fire()
#14 C:\xampp\htdocs\PapusClub\bootstrap\cache\compiled.php(1240): call_user_func_array(Array, Array)
#15 C:\xampp\htdocs\PapusClub\vendor\laravel\framework\src\Illuminate\Console\Command.php(169): Illuminate\Container\Container->call(Array)
#16 C:\xampp\htdocs\PapusClub\vendor\symfony\console\Command\Command.php(256): Illuminate\Console\Command->execute(Object(Symfony\Component\Console\Input\ArgvInput), Object(Symfony\Component\Console\Output\ConsoleOutput))
#17 C:\xampp\htdocs\PapusClub\vendor\laravel\framework\src\Illuminate\Console\Command.php(155): Symfony\Component\Console\Command\Command->run(Object(Symfony\Component\Console\Input\ArgvInput), Object(Symfony\Component\Console\Output\ConsoleOutput))
#18 C:\xampp\htdocs\PapusClub\vendor\symfony\console\Application.php(791): Illuminate\Console\Command->run(Object(Symfony\Component\Console\Input\ArgvInput), Object(Symfony\Component\Console\Output\ConsoleOutput))
#19 C:\xampp\htdocs\PapusClub\vendor\symfony\console\Application.php(186): Symfony\Component\Console\Application->doRunCommand(Object(Illuminate\Database\Console\Migrations\MigrateCommand), Object(Symfony\Component\Console\Input\ArgvInput), Object(Symfony\Component\Console\Output\ConsoleOutput))
#20 C:\xampp\htdocs\PapusClub\vendor\symfony\console\Application.php(117): Symfony\Component\Console\Application->doRun(Object(Symfony\Component\Console\Input\ArgvInput), Object(Symfony\Component\Console\Output\ConsoleOutput))
#21 C:\xampp\htdocs\PapusClub\vendor\laravel\framework\src\Illuminate\Foundation\Console\Kernel.php(107): Symfony\Component\Console\Application->run(Object(Symfony\Component\Console\Input\ArgvInput), Object(Symfony\Component\Console\Output\ConsoleOutput))
#22 C:\xampp\htdocs\PapusClub\artisan(35): Illuminate\Foundation\Console\Kernel->handle(Object(Symfony\Component\Console\Input\ArgvInput), Object(Symfony\Component\Console\Output\ConsoleOutput))
#23 {main}  
[2016-05-06 00:53:00] local.ERROR: Symfony\Component\Debug\Exception\FatalThrowableError: Parse error: syntax error, unexpected '->' (T_OBJECT_OPERATOR) in C:\xampp\htdocs\PapusClub\database\seeds\DatabaseSeeder.php:14
Stack trace:
#0 C:\xampp\htdocs\PapusClub\vendor\composer\ClassLoader.php(301): Composer\Autoload\includeFile('C:\\xampp\\htdocs...')
#1 [internal function]: Composer\Autoload\ClassLoader->loadClass('DatabaseSeeder')
#2 [internal function]: spl_autoload_call('DatabaseSeeder')
#3 C:\xampp\htdocs\PapusClub\bootstrap\cache\compiled.php(1341): ReflectionClass->__construct('DatabaseSeeder')
#4 C:\xampp\htdocs\PapusClub\bootstrap\cache\compiled.php(1295): Illuminate\Container\Container->build('DatabaseSeeder', Array)
#5 C:\xampp\htdocs\PapusClub\bootstrap\cache\compiled.php(1857): Illuminate\Container\Container->make('DatabaseSeeder', Array)
#6 C:\xampp\htdocs\PapusClub\vendor\laravel\framework\src\Illuminate\Database\Console\Seeds\SeedCommand.php(74): Illuminate\Foundation\Application->make('DatabaseSeeder')
#7 C:\xampp\htdocs\PapusClub\vendor\laravel\framework\src\Illuminate\Database\Console\Seeds\SeedCommand.php(63): Illuminate\Database\Console\Seeds\SeedCommand->getSeeder()
#8 C:\xampp\htdocs\PapusClub\bootstrap\cache\compiled.php(11010): Illuminate\Database\Console\Seeds\SeedCommand->Illuminate\Database\Console\Seeds\{closure}()
#9 C:\xampp\htdocs\PapusClub\vendor\laravel\framework\src\Illuminate\Database\Console\Seeds\SeedCommand.php(64): Illuminate\Database\Eloquent\Model::unguarded(Object(Closure))
#10 [internal function]: Illuminate\Database\Console\Seeds\SeedCommand->fire()
#11 C:\xampp\htdocs\PapusClub\bootstrap\cache\compiled.php(1240): call_user_func_array(Array, Array)
#12 C:\xampp\htdocs\PapusClub\vendor\laravel\framework\src\Illuminate\Console\Command.php(169): Illuminate\Container\Container->call(Array)
#13 C:\xampp\htdocs\PapusClub\vendor\symfony\console\Command\Command.php(256): Illuminate\Console\Command->execute(Object(Symfony\Component\Console\Input\ArgvInput), Object(Symfony\Component\Console\Output\ConsoleOutput))
#14 C:\xampp\htdocs\PapusClub\vendor\laravel\framework\src\Illuminate\Console\Command.php(155): Symfony\Component\Console\Command\Command->run(Object(Symfony\Component\Console\Input\ArgvInput), Object(Symfony\Component\Console\Output\ConsoleOutput))
#15 C:\xampp\htdocs\PapusClub\vendor\symfony\console\Application.php(791): Illuminate\Console\Command->run(Object(Symfony\Component\Console\Input\ArgvInput), Object(Symfony\Component\Console\Output\ConsoleOutput))
#16 C:\xampp\htdocs\PapusClub\vendor\symfony\console\Application.php(186): Symfony\Component\Console\Application->doRunCommand(Object(Illuminate\Database\Console\Seeds\SeedCommand), Object(Symfony\Component\Console\Input\ArgvInput), Object(Symfony\Component\Console\Output\ConsoleOutput))
#17 C:\xampp\htdocs\PapusClub\vendor\symfony\console\Application.php(117): Symfony\Component\Console\Application->doRun(Object(Symfony\Component\Console\Input\ArgvInput), Object(Symfony\Component\Console\Output\ConsoleOutput))
#18 C:\xampp\htdocs\PapusClub\vendor\laravel\framework\src\Illuminate\Foundation\Console\Kernel.php(107): Symfony\Component\Console\Application->run(Object(Symfony\Component\Console\Input\ArgvInput), Object(Symfony\Component\Console\Output\ConsoleOutput))
#19 C:\xampp\htdocs\PapusClub\artisan(35): Illuminate\Foundation\Console\Kernel->handle(Object(Symfony\Component\Console\Input\ArgvInput), Object(Symfony\Component\Console\Output\ConsoleOutput))
#20 {main}  
[2016-05-06 00:53:34] local.ERROR: Symfony\Component\Debug\Exception\FatalThrowableError: Parse error: syntax error, unexpected '->' (T_OBJECT_OPERATOR) in C:\xampp\htdocs\PapusClub\database\seeds\DatabaseSeeder.php:14
Stack trace:
#0 C:\xampp\htdocs\PapusClub\vendor\composer\ClassLoader.php(301): Composer\Autoload\includeFile('C:\\xampp\\htdocs...')
#1 [internal function]: Composer\Autoload\ClassLoader->loadClass('DatabaseSeeder')
#2 [internal function]: spl_autoload_call('DatabaseSeeder')
#3 C:\xampp\htdocs\PapusClub\bootstrap\cache\compiled.php(1341): ReflectionClass->__construct('DatabaseSeeder')
#4 C:\xampp\htdocs\PapusClub\bootstrap\cache\compiled.php(1295): Illuminate\Container\Container->build('DatabaseSeeder', Array)
#5 C:\xampp\htdocs\PapusClub\bootstrap\cache\compiled.php(1857): Illuminate\Container\Container->make('DatabaseSeeder', Array)
#6 C:\xampp\htdocs\PapusClub\vendor\laravel\framework\src\Illuminate\Database\Console\Seeds\SeedCommand.php(74): Illuminate\Foundation\Application->make('DatabaseSeeder')
#7 C:\xampp\htdocs\PapusClub\vendor\laravel\framework\src\Illuminate\Database\Console\Seeds\SeedCommand.php(63): Illuminate\Database\Console\Seeds\SeedCommand->getSeeder()
#8 C:\xampp\htdocs\PapusClub\bootstrap\cache\compiled.php(11010): Illuminate\Database\Console\Seeds\SeedCommand->Illuminate\Database\Console\Seeds\{closure}()
#9 C:\xampp\htdocs\PapusClub\vendor\laravel\framework\src\Illuminate\Database\Console\Seeds\SeedCommand.php(64): Illuminate\Database\Eloquent\Model::unguarded(Object(Closure))
#10 [internal function]: Illuminate\Database\Console\Seeds\SeedCommand->fire()
#11 C:\xampp\htdocs\PapusClub\bootstrap\cache\compiled.php(1240): call_user_func_array(Array, Array)
#12 C:\xampp\htdocs\PapusClub\vendor\laravel\framework\src\Illuminate\Console\Command.php(169): Illuminate\Container\Container->call(Array)
#13 C:\xampp\htdocs\PapusClub\vendor\symfony\console\Command\Command.php(256): Illuminate\Console\Command->execute(Object(Symfony\Component\Console\Input\ArgvInput), Object(Symfony\Component\Console\Output\ConsoleOutput))
#14 C:\xampp\htdocs\PapusClub\vendor\laravel\framework\src\Illuminate\Console\Command.php(155): Symfony\Component\Console\Command\Command->run(Object(Symfony\Component\Console\Input\ArgvInput), Object(Symfony\Component\Console\Output\ConsoleOutput))
#15 C:\xampp\htdocs\PapusClub\vendor\symfony\console\Application.php(791): Illuminate\Console\Command->run(Object(Symfony\Component\Console\Input\ArgvInput), Object(Symfony\Component\Console\Output\ConsoleOutput))
#16 C:\xampp\htdocs\PapusClub\vendor\symfony\console\Application.php(186): Symfony\Component\Console\Application->doRunCommand(Object(Illuminate\Database\Console\Seeds\SeedCommand), Object(Symfony\Component\Console\Input\ArgvInput), Object(Symfony\Component\Console\Output\ConsoleOutput))
#17 C:\xampp\htdocs\PapusClub\vendor\symfony\console\Application.php(117): Symfony\Component\Console\Application->doRun(Object(Symfony\Component\Console\Input\ArgvInput), Object(Symfony\Component\Console\Output\ConsoleOutput))
#18 C:\xampp\htdocs\PapusClub\vendor\laravel\framework\src\Illuminate\Foundation\Console\Kernel.php(107): Symfony\Component\Console\Application->run(Object(Symfony\Component\Console\Input\ArgvInput), Object(Symfony\Component\Console\Output\ConsoleOutput))
#19 C:\xampp\htdocs\PapusClub\artisan(35): Illuminate\Foundation\Console\Kernel->handle(Object(Symfony\Component\Console\Input\ArgvInput), Object(Symfony\Component\Console\Output\ConsoleOutput))
#20 {main}  
[2016-05-06 01:06:33] local.ERROR: Symfony\Component\Debug\Exception\FatalThrowableError: Fatal error: Class 'Model' not found in C:\xampp\htdocs\PapusClub\database\seeds\DatabaseSeeder.php:14
Stack trace:
#0 C:\xampp\htdocs\PapusClub\vendor\laravel\framework\src\Illuminate\Database\Console\Seeds\SeedCommand.php(63): DatabaseSeeder->run()
#1 C:\xampp\htdocs\PapusClub\bootstrap\cache\compiled.php(11010): Illuminate\Database\Console\Seeds\SeedCommand->Illuminate\Database\Console\Seeds\{closure}()
#2 C:\xampp\htdocs\PapusClub\vendor\laravel\framework\src\Illuminate\Database\Console\Seeds\SeedCommand.php(64): Illuminate\Database\Eloquent\Model::unguarded(Object(Closure))
#3 [internal function]: Illuminate\Database\Console\Seeds\SeedCommand->fire()
#4 C:\xampp\htdocs\PapusClub\bootstrap\cache\compiled.php(1240): call_user_func_array(Array, Array)
#5 C:\xampp\htdocs\PapusClub\vendor\laravel\framework\src\Illuminate\Console\Command.php(169): Illuminate\Container\Container->call(Array)
#6 C:\xampp\htdocs\PapusClub\vendor\symfony\console\Command\Command.php(256): Illuminate\Console\Command->execute(Object(Symfony\Component\Console\Input\ArgvInput), Object(Symfony\Component\Console\Output\ConsoleOutput))
#7 C:\xampp\htdocs\PapusClub\vendor\laravel\framework\src\Illuminate\Console\Command.php(155): Symfony\Component\Console\Command\Command->run(Object(Symfony\Component\Console\Input\ArgvInput), Object(Symfony\Component\Console\Output\ConsoleOutput))
#8 C:\xampp\htdocs\PapusClub\vendor\symfony\console\Application.php(791): Illuminate\Console\Command->run(Object(Symfony\Component\Console\Input\ArgvInput), Object(Symfony\Component\Console\Output\ConsoleOutput))
#9 C:\xampp\htdocs\PapusClub\vendor\symfony\console\Application.php(186): Symfony\Component\Console\Application->doRunCommand(Object(Illuminate\Database\Console\Seeds\SeedCommand), Object(Symfony\Component\Console\Input\ArgvInput), Object(Symfony\Component\Console\Output\ConsoleOutput))
#10 C:\xampp\htdocs\PapusClub\vendor\symfony\console\Application.php(117): Symfony\Component\Console\Application->doRun(Object(Symfony\Component\Console\Input\ArgvInput), Object(Symfony\Component\Console\Output\ConsoleOutput))
#11 C:\xampp\htdocs\PapusClub\vendor\laravel\framework\src\Illuminate\Foundation\Console\Kernel.php(107): Symfony\Component\Console\Application->run(Object(Symfony\Component\Console\Input\ArgvInput), Object(Symfony\Component\Console\Output\ConsoleOutput))
#12 C:\xampp\htdocs\PapusClub\artisan(35): Illuminate\Foundation\Console\Kernel->handle(Object(Symfony\Component\Console\Input\ArgvInput), Object(Symfony\Component\Console\Output\ConsoleOutput))
#13 {main}  
